******************************
Namespace(board=True, cfg='./configs/incremental.yaml', debug=False, detector='yolo', device=device(type='cuda', index=0), dist_backend='nccl', dist_url='tcp://192.168.1.214:23345', exp_id='14', gpus=[0], launcher='none', map=True, nThreads=1, rank=-1, snapshot=2, sync=False, work_dir='./exp/14-incremental.yaml/', world_size=4)
******************************
{'ANIMAL_CLASS_BASE': ['cat', 'dog', 'cow'], 'ANIMAL_CLASS_INCREMENTAL': ['horse', 'sheep'], 'INCREMENTAL_STEP': 1, 'DATASET': {'IMAGES': '/media2/het/data/cropped_images/', 'ANNOT': '/media2/het/data/updated_df.csv'}, 'DATA_PRESET': {'TYPE': 'simple', 'SIGMA': 2, 'NUM_JOINTS': 17, 'IMAGE_SIZE': [512, 512], 'HEATMAP_SIZE': [128, 128]}, 'MODEL': {'TYPE': 'FastPose', 'PRETRAINED': '', 'TRY_LOAD': '', 'NUM_DECONV_FILTERS': [128, 128], 'NUM_LAYERS': 50}, 'LOSS': {'TYPE': 'MSELoss'}, 'DETECTOR': {'NAME': 'yolo', 'CONFIG': 'detector/yolo/cfg/yolov3-spp.cfg', 'WEIGHTS': 'detector/yolo/data/yolov3-spp.weights', 'NMS_THRES': 0.6, 'CONFIDENCE': 0.05}, 'TRAIN': {'BASE_DATA_FOR_INCREMENTAL': 1, 'WORLD_SIZE': 4, 'BATCH_SIZE': 10, 'VAL_BATCH_SIZE': 20, 'BEGIN_EPOCH': 0, 'END_EPOCH': 100, 'OPTIMIZER': 'adam', 'LR': 0.0001, 'LR_FACTOR': 0.1, 'LR_STEP': [40, 60], 'DPG_MILESTONE': 40, 'DPG_STEP': [-21]}, 'TRAIN_INCREMENTAL': {'BASE_DATA_FOR_INCREMENTAL': 1, 'BATCH_SIZE': 10, 'VAL_BATCH_SIZE': 20, 'BEGIN_EPOCH': 0, 'END_EPOCH': 100, 'KD_LOSS': False, 'OPTIMIZER': 'adam', 'LR': 0.0001, 'LR_FACTOR': 0.1, 'LR_STEP': [40, 60], 'DPG_MILESTONE': 40, 'DPG_STEP': [40, 60]}, 'FILE_NAME': 'incremental.yaml'}
******************************
Create new model
=> init weights
############# Starting Base Training with base classes ['cat', 'dog', 'cow'] ########################
############# Starting Epoch 0 | LR: 0.0001 #############
Base_Train-0 epoch | loss:0.00017899 | acc:0.3043
##### Epoch 0 | Loss: 0.0003322327393107116 | acc: 0.4211091961909129 #####
############# Starting Epoch 1 | LR: 0.0001 #############
Base_Train-1 epoch | loss:0.00015751 | acc:0.4711
##### Epoch 1 | Loss: 0.00031080536427907646 | acc: 0.4941667860255152 #####
############# Starting Epoch 2 | LR: 0.0001 #############
Base_Train-2 epoch | loss:0.00014127 | acc:0.5569
##### Epoch 2 | Loss: 0.0002886558650061488 | acc: 0.5521410109823497 #####
############# Starting Epoch 3 | LR: 0.0001 #############
Base_Train-3 epoch | loss:0.00012178 | acc:0.6267
##### Epoch 3 | Loss: 0.0002631499955896288 | acc: 0.58861250920725 #####
############# Starting Epoch 4 | LR: 0.0001 #############
Base_Train-4 epoch | loss:0.00010614 | acc:0.6720
##### Epoch 4 | Loss: 0.00024279132776428014 | acc: 0.6264053066663452 #####
############# Starting Epoch 5 | LR: 0.0001 #############
Base_Train-5 epoch | loss:0.00009500 | acc:0.7143
##### Epoch 5 | Loss: 0.00023459992371499538 | acc: 0.6616672808175292 #####
############# Starting Epoch 6 | LR: 0.0001 #############
Base_Train-6 epoch | loss:0.00008152 | acc:0.7739
##### Epoch 6 | Loss: 0.0002129100466845557 | acc: 0.7000353881830683 #####
############# Starting Epoch 7 | LR: 0.0001 #############
Base_Train-7 epoch | loss:0.00006816 | acc:0.8087
##### Epoch 7 | Loss: 0.00019911232811864465 | acc: 0.7251195250625745 #####
############# Starting Epoch 8 | LR: 0.0001 #############
Base_Train-8 epoch | loss:0.00005984 | acc:0.8243
##### Epoch 8 | Loss: 0.00018403206195216626 | acc: 0.7459889717713455 #####
############# Starting Epoch 9 | LR: 0.0001 #############
Base_Train-9 epoch | loss:0.00005320 | acc:0.8378
##### Epoch 9 | Loss: 0.00017779679910745472 | acc: 0.747261643668676 #####
############# Starting Epoch 10 | LR: 0.0001 #############
Base_Train-10 epoch | loss:0.00004968 | acc:0.8503
##### Epoch 10 | Loss: 0.00016965602117124945 | acc: 0.7633057120306044 #####
############# Starting Epoch 11 | LR: 0.0001 #############
Base_Train-11 epoch | loss:0.00004599 | acc:0.8721
##### Epoch 11 | Loss: 0.00016402325127273798 | acc: 0.7851392252291705 #####
############# Starting Epoch 12 | LR: 0.0001 #############
Base_Train-12 epoch | loss:0.00003958 | acc:0.9052
##### Epoch 12 | Loss: 0.000157625661813654 | acc: 0.8038445495154537 #####
############# Starting Epoch 13 | LR: 0.0001 #############
Base_Train-13 epoch | loss:0.00003363 | acc:0.9241
##### Epoch 13 | Loss: 0.0001450618583476171 | acc: 0.8196651351177432 #####
############# Starting Epoch 14 | LR: 0.0001 #############
Base_Train-14 epoch | loss:0.00003018 | acc:0.9400
##### Epoch 14 | Loss: 0.0001401957997586578 | acc: 0.827822329170843 #####
############# Starting Epoch 15 | LR: 0.0001 #############
Base_Train-15 epoch | loss:0.00002749 | acc:0.9486
##### Epoch 15 | Loss: 0.00013759732246398926 | acc: 0.830728262439038 #####
############# Starting Epoch 16 | LR: 0.0001 #############
Base_Train-16 epoch | loss:0.00002519 | acc:0.9509
##### Epoch 16 | Loss: 0.00013037356256972998 | acc: 0.8397628515900029 #####
############# Starting Epoch 17 | LR: 0.0001 #############
Base_Train-17 epoch | loss:0.00002356 | acc:0.9539
##### Epoch 17 | Loss: 0.0001307218335568905 | acc: 0.8370701707340249 #####
############# Starting Epoch 18 | LR: 0.0001 #############
Base_Train-18 epoch | loss:0.00002248 | acc:0.9564
##### Epoch 18 | Loss: 0.00013001625484321266 | acc: 0.8420163934263811 #####
############# Starting Epoch 19 | LR: 0.0001 #############
Base_Train-19 epoch | loss:0.00002087 | acc:0.9587
##### Epoch 19 | Loss: 0.00012923854228574783 | acc: 0.839367916259992 #####
############# Starting Epoch 20 | LR: 0.0001 #############
Base_Train-20 epoch | loss:0.00001982 | acc:0.9597
##### Epoch 20 | Loss: 0.0001249676861334592 | acc: 0.845456647425465 #####
############# Starting Epoch 21 | LR: 0.0001 #############
Base_Train-21 epoch | loss:0.00001863 | acc:0.9619
##### Epoch 21 | Loss: 0.00012150533439125866 | acc: 0.8460146988711167 #####
############# Starting Epoch 22 | LR: 0.0001 #############
Base_Train-22 epoch | loss:0.00001811 | acc:0.9633
##### Epoch 22 | Loss: 0.00012667222472373396 | acc: 0.8445449003823228 #####
############# Starting Epoch 23 | LR: 0.0001 #############
Base_Train-23 epoch | loss:0.00001796 | acc:0.9640
##### Epoch 23 | Loss: 0.00011758834443753585 | acc: 0.8496358517610674 #####
############# Starting Epoch 24 | LR: 0.0001 #############
Base_Train-24 epoch | loss:0.00001606 | acc:0.9658
##### Epoch 24 | Loss: 0.00011416447523515671 | acc: 0.8512683226026847 #####
############# Starting Epoch 25 | LR: 0.0001 #############
Base_Train-25 epoch | loss:0.00001509 | acc:0.9668
##### Epoch 25 | Loss: 0.00013029797992203385 | acc: 0.842387325868171 #####
############# Starting Epoch 26 | LR: 0.0001 #############
Base_Train-26 epoch | loss:0.00001631 | acc:0.9672
##### Epoch 26 | Loss: 0.00011267362424405292 | acc: 0.8570513675406319 #####
############# Starting Epoch 27 | LR: 0.0001 #############
Base_Train-27 epoch | loss:0.00001368 | acc:0.9685
##### Epoch 27 | Loss: 0.00011192441161256284 | acc: 0.8561231783100132 #####
############# Starting Epoch 28 | LR: 0.0001 #############
Base_Train-28 epoch | loss:0.00001435 | acc:0.9698
##### Epoch 28 | Loss: 0.00011219634325243533 | acc: 0.8553063102953518 #####
############# Starting Epoch 29 | LR: 0.0001 #############
Base_Train-29 epoch | loss:0.00001317 | acc:0.9710
##### Epoch 29 | Loss: 0.0001068117271643132 | acc: 0.858224665938837 #####
############# Starting Epoch 30 | LR: 0.0001 #############
Base_Train-30 epoch | loss:0.00001230 | acc:0.9718
##### Epoch 30 | Loss: 0.00010836933506652713 | acc: 0.8579791382767178 #####
############# Starting Epoch 31 | LR: 0.0001 #############
Base_Train-31 epoch | loss:0.00001299 | acc:0.9725
##### Epoch 31 | Loss: 0.0001102614332921803 | acc: 0.8567179000121382 #####
############# Starting Epoch 32 | LR: 0.0001 #############
Base_Train-32 epoch | loss:0.00001317 | acc:0.9726
##### Epoch 32 | Loss: 0.00010748314525699243 | acc: 0.8585575223407542 #####
############# Starting Epoch 33 | LR: 0.0001 #############
Base_Train-33 epoch | loss:0.00001141 | acc:0.9739
##### Epoch 33 | Loss: 0.00010490024578757584 | acc: 0.8598243507103384 #####
############# Starting Epoch 34 | LR: 0.0001 #############
Base_Train-34 epoch | loss:0.00001028 | acc:0.9755
##### Epoch 34 | Loss: 0.00010364347690483555 | acc: 0.8632220075664409 #####
############# Starting Epoch 35 | LR: 0.0001 #############
Base_Train-35 epoch | loss:0.00000980 | acc:0.9762
##### Epoch 35 | Loss: 0.00010411334369564429 | acc: 0.8594296334222443 #####
############# Starting Epoch 36 | LR: 0.0001 #############
Base_Train-36 epoch | loss:0.00001254 | acc:0.9763
##### Epoch 36 | Loss: 0.00011171571532031521 | acc: 0.8569160592090257 #####
############# Starting Epoch 37 | LR: 0.0001 #############
Base_Train-37 epoch | loss:0.00001032 | acc:0.9775
##### Epoch 37 | Loss: 0.00010002902854466811 | acc: 0.8638177143015876 #####
############# Starting Epoch 38 | LR: 0.0001 #############
Base_Train-38 epoch | loss:0.00000833 | acc:0.9791
##### Epoch 38 | Loss: 9.887825581245124e-05 | acc: 0.8655102575294574 #####
############# Starting Epoch 39 | LR: 0.0001 #############
Base_Train-39 epoch | loss:0.00000833 | acc:0.9806
##### Epoch 39 | Loss: 0.00010765925981104374 | acc: 0.857913035900438 #####
############# Starting Epoch 40 | LR: 1e-05 #############
Base_Train-40 epoch | loss:0.00000808 | acc:0.9814
##### Epoch 40 | Loss: 9.617825708119199e-05 | acc: 0.8689057100198037 #####
############# Starting Epoch 41 | LR: 0.0001 #############
Base_Train-41 epoch | loss:0.00000873 | acc:0.9816
##### Epoch 41 | Loss: 0.00010721234139055014 | acc: 0.8569071570408495 #####
############# Starting Epoch 42 | LR: 0.0001 #############
Base_Train-42 epoch | loss:0.00001052 | acc:0.9812
##### Epoch 42 | Loss: 0.0001105170595110394 | acc: 0.8593982483517291 #####
############# Starting Epoch 43 | LR: 0.0001 #############
Base_Train-43 epoch | loss:0.00001014 | acc:0.9818
##### Epoch 43 | Loss: 0.00010119146463694051 | acc: 0.8621393285220835 #####
############# Starting Epoch 44 | LR: 0.0001 #############
Base_Train-44 epoch | loss:0.00000730 | acc:0.9835
##### Epoch 44 | Loss: 9.626444079913199e-05 | acc: 0.871565819639627 #####
############# Starting Epoch 45 | LR: 0.0001 #############
Base_Train-45 epoch | loss:0.00000662 | acc:0.9847
##### Epoch 45 | Loss: 9.686205885373056e-05 | acc: 0.8703400941732063 #####
############# Starting Epoch 46 | LR: 0.0001 #############
Base_Train-46 epoch | loss:0.00000668 | acc:0.9858
##### Epoch 46 | Loss: 9.625021630199626e-05 | acc: 0.8708635830728447 #####
############# Starting Epoch 47 | LR: 0.0001 #############
Base_Train-47 epoch | loss:0.00000661 | acc:0.9866
##### Epoch 47 | Loss: 9.632045112084597e-05 | acc: 0.8710051988630986 #####
############# Starting Epoch 48 | LR: 0.0001 #############
Base_Train-48 epoch | loss:0.00000624 | acc:0.9874
##### Epoch 48 | Loss: 9.438463894184679e-05 | acc: 0.8734095664895634 #####
############# Starting Epoch 49 | LR: 0.0001 #############
Base_Train-49 epoch | loss:0.00000572 | acc:0.9882
##### Epoch 49 | Loss: 9.372137719765306e-05 | acc: 0.874832364733944 #####
############# Starting Epoch 50 | LR: 0.0001 #############
Base_Train-50 epoch | loss:0.00000543 | acc:0.9891
##### Epoch 50 | Loss: 9.26506327232346e-05 | acc: 0.8755349576950187 #####
############# Starting Epoch 51 | LR: 0.0001 #############
Base_Train-51 epoch | loss:0.00000511 | acc:0.9899
##### Epoch 51 | Loss: 9.215692989528179e-05 | acc: 0.8751580012721287 #####
############# Starting Epoch 52 | LR: 0.0001 #############
Base_Train-52 epoch | loss:0.00000495 | acc:0.9904
##### Epoch 52 | Loss: 9.203344961861148e-05 | acc: 0.8754771645116505 #####
############# Starting Epoch 53 | LR: 0.0001 #############
Base_Train-53 epoch | loss:0.00000452 | acc:0.9910
##### Epoch 53 | Loss: 9.090284584090114e-05 | acc: 0.8788473612583324 #####
############# Starting Epoch 54 | LR: 0.0001 #############
Base_Train-54 epoch | loss:0.00000424 | acc:0.9916
##### Epoch 54 | Loss: 9.114971908275038e-05 | acc: 0.8770701819880841 #####
############# Starting Epoch 55 | LR: 0.0001 #############
Base_Train-55 epoch | loss:0.00000397 | acc:0.9920
##### Epoch 55 | Loss: 8.899351087165996e-05 | acc: 0.8823245606531457 #####
############# Starting Epoch 56 | LR: 0.0001 #############
Base_Train-56 epoch | loss:0.00000374 | acc:0.9922
##### Epoch 56 | Loss: 8.940431143855676e-05 | acc: 0.8801043732894797 #####
############# Starting Epoch 57 | LR: 0.0001 #############
Base_Train-57 epoch | loss:0.00000353 | acc:0.9928
##### Epoch 57 | Loss: 8.811858424451202e-05 | acc: 0.8828585771066882 #####
############# Starting Epoch 58 | LR: 0.0001 #############
Base_Train-58 epoch | loss:0.00000335 | acc:0.9932
##### Epoch 58 | Loss: 8.735146548133343e-05 | acc: 0.8807830754505641 #####
############# Starting Epoch 59 | LR: 0.0001 #############
Base_Train-59 epoch | loss:0.00000318 | acc:0.9934
##### Epoch 59 | Loss: 8.69324867380783e-05 | acc: 0.8820258756113626 #####
############# Starting Epoch 60 | LR: 0.0001 #############
Base_Train-60 epoch | loss:0.00000298 | acc:0.9938
##### Epoch 60 | Loss: 8.686359797138721e-05 | acc: 0.8812894562024605 #####
############# Starting Epoch 61 | LR: 0.0001 #############
Base_Train-61 epoch | loss:0.00000283 | acc:0.9946
##### Epoch 61 | Loss: 8.65682668518275e-05 | acc: 0.8808444207808332 #####
############# Starting Epoch 62 | LR: 0.0001 #############
Base_Train-62 epoch | loss:0.00000266 | acc:0.9944
##### Epoch 62 | Loss: 8.610806980868801e-05 | acc: 0.8843825703950459 #####
############# Starting Epoch 63 | LR: 0.0001 #############
Base_Train-63 epoch | loss:0.00000256 | acc:0.9949
##### Epoch 63 | Loss: 8.55814796523191e-05 | acc: 0.8820570334029272 #####
############# Starting Epoch 64 | LR: 0.0001 #############
Base_Train-64 epoch | loss:0.00000242 | acc:0.9952
##### Epoch 64 | Loss: 8.560426067560911e-05 | acc: 0.8839198875103439 #####
############# Starting Epoch 65 | LR: 0.0001 #############
Base_Train-65 epoch | loss:0.00000231 | acc:0.9955
##### Epoch 65 | Loss: 8.526879537384957e-05 | acc: 0.8830491415304571 #####
############# Starting Epoch 66 | LR: 0.0001 #############
Base_Train-66 epoch | loss:0.00000220 | acc:0.9957
##### Epoch 66 | Loss: 8.522738789906725e-05 | acc: 0.8824347610848169 #####
############# Starting Epoch 67 | LR: 0.0001 #############
Base_Train-67 epoch | loss:0.00000209 | acc:0.9957
##### Epoch 67 | Loss: 8.496151713188738e-05 | acc: 0.883319341691584 #####
############# Starting Epoch 68 | LR: 0.0001 #############
Base_Train-68 epoch | loss:0.00000201 | acc:0.9957
##### Epoch 68 | Loss: 8.455850911559537e-05 | acc: 0.8827164528593475 #####
############# Starting Epoch 69 | LR: 0.0001 #############
Base_Train-69 epoch | loss:0.00000193 | acc:0.9959
##### Epoch 69 | Loss: 8.449829329038039e-05 | acc: 0.8836555887356298 #####
############# Starting Epoch 70 | LR: 0.0001 #############
Base_Train-70 epoch | loss:0.00000185 | acc:0.9962
##### Epoch 70 | Loss: 8.409114525420591e-05 | acc: 0.8860618289361796 #####
############# Starting Epoch 71 | LR: 0.0001 #############
Base_Train-71 epoch | loss:0.00000178 | acc:0.9963
##### Epoch 71 | Loss: 8.411632006755099e-05 | acc: 0.8845183562528834 #####
############# Starting Epoch 72 | LR: 0.0001 #############
Base_Train-72 epoch | loss:0.00000171 | acc:0.9965
##### Epoch 72 | Loss: 8.379235805477947e-05 | acc: 0.8860408715178315 #####
############# Starting Epoch 73 | LR: 0.0001 #############
Base_Train-73 epoch | loss:0.00000165 | acc:0.9965
##### Epoch 73 | Loss: 8.398071804549545e-05 | acc: 0.8825261805469427 #####
############# Starting Epoch 74 | LR: 0.0001 #############
Base_Train-74 epoch | loss:0.00000164 | acc:0.9965
##### Epoch 74 | Loss: 8.350151620106772e-05 | acc: 0.8846395036090444 #####
############# Starting Epoch 75 | LR: 0.0001 #############
Base_Train-75 epoch | loss:0.00000158 | acc:0.9966
##### Epoch 75 | Loss: 8.349438576260582e-05 | acc: 0.8857338321481061 #####
############# Starting Epoch 76 | LR: 0.0001 #############
Base_Train-76 epoch | loss:0.00000151 | acc:0.9968
##### Epoch 76 | Loss: 8.330474520334974e-05 | acc: 0.884845376064314 #####
############# Starting Epoch 77 | LR: 0.0001 #############
Base_Train-77 epoch | loss:0.00000147 | acc:0.9967
##### Epoch 77 | Loss: 8.267773227998987e-05 | acc: 0.8855930886057575 #####
############# Starting Epoch 78 | LR: 0.0001 #############
Base_Train-78 epoch | loss:0.00000142 | acc:0.9967
##### Epoch 78 | Loss: 8.279341273009777e-05 | acc: 0.8848722658507595 #####
############# Starting Epoch 79 | LR: 0.0001 #############
Base_Train-79 epoch | loss:0.00000138 | acc:0.9969
##### Epoch 79 | Loss: 8.307497773785144e-05 | acc: 0.8868581040639432 #####
############# Starting Epoch 80 | LR: 0.0001 #############
Base_Train-80 epoch | loss:0.00000134 | acc:0.9971
##### Epoch 80 | Loss: 8.252632687799633e-05 | acc: 0.8870285454161144 #####
############# Starting Epoch 81 | LR: 0.0001 #############
Base_Train-81 epoch | loss:0.00000131 | acc:0.9970
##### Epoch 81 | Loss: 8.279340545414016e-05 | acc: 0.8863531832676488 #####
############# Starting Epoch 82 | LR: 0.0001 #############
Base_Train-82 epoch | loss:0.00000136 | acc:0.9971
##### Epoch 82 | Loss: 8.287679520435631e-05 | acc: 0.8869624374055801 #####
############# Starting Epoch 83 | LR: 0.0001 #############
Base_Train-83 epoch | loss:0.00000126 | acc:0.9972
##### Epoch 83 | Loss: 8.265301585197449e-05 | acc: 0.8868062995552766 #####
############# Starting Epoch 84 | LR: 0.0001 #############
Base_Train-84 epoch | loss:0.00000120 | acc:0.9972
##### Epoch 84 | Loss: 8.276841981569305e-05 | acc: 0.887213984722996 #####
############# Starting Epoch 85 | LR: 0.0001 #############
Base_Train-85 epoch | loss:0.00000124 | acc:0.9971
##### Epoch 85 | Loss: 8.262813207693398e-05 | acc: 0.8855728388010049 #####
############# Starting Epoch 86 | LR: 0.0001 #############
Base_Train-86 epoch | loss:0.00000116 | acc:0.9973
##### Epoch 86 | Loss: 8.212810644181445e-05 | acc: 0.8881622109905536 #####
############# Starting Epoch 87 | LR: 0.0001 #############
Base_Train-87 epoch | loss:0.00000113 | acc:0.9972
##### Epoch 87 | Loss: 8.205020276363939e-05 | acc: 0.8877744557570165 #####
############# Starting Epoch 88 | LR: 0.0001 #############
Base_Train-88 epoch | loss:0.00000110 | acc:0.9972
##### Epoch 88 | Loss: 8.184143371181563e-05 | acc: 0.8877206273335875 #####
############# Starting Epoch 89 | LR: 0.0001 #############
Base_Train-89 epoch | loss:0.00000107 | acc:0.9974
##### Epoch 89 | Loss: 8.15844105090946e-05 | acc: 0.8907554524002326 #####
############# Starting Epoch 90 | LR: 0.0001 #############
Base_Train-90 epoch | loss:0.00000107 | acc:0.9972
##### Epoch 90 | Loss: 8.160855213645846e-05 | acc: 0.8892565254975293 #####
############# Starting Epoch 91 | LR: 0.0001 #############
Base_Train-91 epoch | loss:0.00000105 | acc:0.9975
##### Epoch 91 | Loss: 8.185018668882549e-05 | acc: 0.887130840982991 #####
############# Starting Epoch 92 | LR: 0.0001 #############
Base_Train-92 epoch | loss:0.00000102 | acc:0.9974
##### Epoch 92 | Loss: 8.182626334019005e-05 | acc: 0.8906637148465073 #####
############# Starting Epoch 93 | LR: 0.0001 #############
Base_Train-93 epoch | loss:0.00000101 | acc:0.9974
##### Epoch 93 | Loss: 8.164504106389359e-05 | acc: 0.8872002274210784 #####
############# Starting Epoch 94 | LR: 0.0001 #############
Base_Train-94 epoch | loss:0.00000098 | acc:0.9975
##### Epoch 94 | Loss: 8.161730511346832e-05 | acc: 0.8857891997842795 #####
############# Starting Epoch 95 | LR: 0.0001 #############
Base_Train-95 epoch | loss:0.00000096 | acc:0.9975
##### Epoch 95 | Loss: 8.17747350083664e-05 | acc: 0.8875526012654011 #####
############# Starting Epoch 96 | LR: 0.0001 #############
Base_Train-96 epoch | loss:0.00000094 | acc:0.9976
##### Epoch 96 | Loss: 8.137404802255332e-05 | acc: 0.8903109803496175 #####
############# Starting Epoch 97 | LR: 0.0001 #############
Base_Train-97 epoch | loss:0.00000092 | acc:0.9976
##### Epoch 97 | Loss: 8.169637294486165e-05 | acc: 0.8877899386090692 #####
############# Starting Epoch 98 | LR: 0.0001 #############
Base_Train-98 epoch | loss:0.00000090 | acc:0.9974
##### Epoch 98 | Loss: 8.149182394845411e-05 | acc: 0.8884809329182448 #####
############# Starting Epoch 99 | LR: 0.0001 #############
Base_Train-99 epoch | loss:0.00000089 | acc:0.9977
##### Epoch 99 | Loss: 8.172880916390568e-05 | acc: 0.8876423151643104 #####
#######################################################################################################################
############# Starting Incremental Training step 0 with incremental classes ['horse'] ########################
############# Starting Epoch 0 | LR: 0.0001 #############
Incremental_Train0-0 epoch | loss:0.00003528 | acc:0.8955
##### Evaluating on class 0 Epoch 0 | Loss: 8.768559928284958e-05 | acc: 0.8850431770632499 #####
##### Evaluating on class 1 Epoch 0 | Loss: 0.0003220240760128945 | acc: 0.6196133870916289 #####
##### Evaluating on all classes Epoch 0 | Loss: 0.00012968966620974243 | acc: 0.837466139238148 #####
############# Starting Epoch 1 | LR: 0.0001 #############
Incremental_Train0-1 epoch | loss:0.00002457 | acc:0.9417
##### Evaluating on class 0 Epoch 1 | Loss: 9.043448517331854e-05 | acc: 0.8842860974671689 #####
##### Evaluating on class 1 Epoch 1 | Loss: 0.00026855661417357624 | acc: 0.7084059111770726 #####
##### Evaluating on all classes Epoch 1 | Loss: 0.00012236203474458307 | acc: 0.8527604036981893 #####
############# Starting Epoch 2 | LR: 0.0001 #############
Incremental_Train0-2 epoch | loss:0.00001835 | acc:0.9618
##### Evaluating on class 0 Epoch 2 | Loss: 9.489547664998099e-05 | acc: 0.8807749719095831 #####
##### Evaluating on class 1 Epoch 2 | Loss: 0.00023549847537651658 | acc: 0.7532333406890097 #####
##### Evaluating on all classes Epoch 2 | Loss: 0.00012009790953015909 | acc: 0.8579137361247636 #####
############# Starting Epoch 3 | LR: 0.0001 #############
Incremental_Train0-3 epoch | loss:0.00001447 | acc:0.9706
##### Evaluating on class 0 Epoch 3 | Loss: 9.335199138149619e-05 | acc: 0.88090497652834 #####
##### Evaluating on class 1 Epoch 3 | Loss: 0.0002101614372804761 | acc: 0.7765516330306561 #####
##### Evaluating on all classes Epoch 3 | Loss: 0.00011428954167058691 | acc: 0.8622001319391326 #####
############# Starting Epoch 4 | LR: 0.0001 #############
Incremental_Train0-4 epoch | loss:0.00001309 | acc:0.9757
##### Evaluating on class 0 Epoch 4 | Loss: 9.320377284893766e-05 | acc: 0.8803932276049462 #####
##### Evaluating on class 1 Epoch 4 | Loss: 0.00019366922788321972 | acc: 0.7899989870038946 #####
##### Evaluating on all classes Epoch 4 | Loss: 0.00011121172428829595 | acc: 0.8641904863651352 #####
############# Starting Epoch 5 | LR: 0.0001 #############
Incremental_Train0-5 epoch | loss:0.00001070 | acc:0.9783
##### Evaluating on class 0 Epoch 5 | Loss: 9.15575074031949e-05 | acc: 0.8835522166630495 #####
##### Evaluating on class 1 Epoch 5 | Loss: 0.00018128185183741152 | acc: 0.8064072300110459 #####
##### Evaluating on all classes Epoch 5 | Loss: 0.00010764017497422174 | acc: 0.8697243416971242 #####
############# Starting Epoch 6 | LR: 0.0001 #############
Incremental_Train0-6 epoch | loss:0.00000999 | acc:0.9805
##### Evaluating on class 0 Epoch 6 | Loss: 9.389266051584855e-05 | acc: 0.88127968825203 #####
##### Evaluating on class 1 Epoch 6 | Loss: 0.00017689054948277771 | acc: 0.820606545061874 #####
##### Evaluating on all classes Epoch 6 | Loss: 0.00010876965097850189 | acc: 0.8704043135292658 #####
############# Starting Epoch 7 | LR: 0.0001 #############
Incremental_Train0-7 epoch | loss:0.00000930 | acc:0.9821
##### Evaluating on class 0 Epoch 7 | Loss: 9.43596605793573e-05 | acc: 0.8828063175391035 #####
##### Evaluating on class 1 Epoch 7 | Loss: 0.00016715831588953733 | acc: 0.8112262085597639 #####
##### Evaluating on all classes Epoch 7 | Loss: 0.00010740846482804045 | acc: 0.8699759206465804 #####
############# Starting Epoch 8 | LR: 0.0001 #############
Incremental_Train0-8 epoch | loss:0.00000874 | acc:0.9834
##### Evaluating on class 0 Epoch 8 | Loss: 9.456874977331609e-05 | acc: 0.8818906205192698 #####
##### Evaluating on class 1 Epoch 8 | Loss: 0.0001638782414374873 | acc: 0.8213549766547973 #####
##### Evaluating on all classes Epoch 8 | Loss: 0.00010699214180931449 | acc: 0.8710398919020531 #####
############# Starting Epoch 9 | LR: 0.0001 #############
Incremental_Train0-9 epoch | loss:0.00000776 | acc:0.9844
##### Evaluating on class 0 Epoch 9 | Loss: 9.248915011994541e-05 | acc: 0.8838613181841559 #####
##### Evaluating on class 1 Epoch 9 | Loss: 0.00015792141493875533 | acc: 0.8267411434518614 #####
##### Evaluating on all classes Epoch 9 | Loss: 0.00010421757906442508 | acc: 0.8736227962981784 #####
############# Starting Epoch 10 | LR: 0.0001 #############
Incremental_Train0-10 epoch | loss:0.00000843 | acc:0.9851
##### Evaluating on class 0 Epoch 10 | Loss: 9.949724335456267e-05 | acc: 0.8805184985711582 #####
##### Evaluating on class 1 Epoch 10 | Loss: 0.00016118054918479174 | acc: 0.8208194016245949 #####
##### Evaluating on all classes Epoch 10 | Loss: 0.00011055367940571159 | acc: 0.8698177170430006 #####
############# Starting Epoch 11 | LR: 0.0001 #############
Incremental_Train0-11 epoch | loss:0.00000766 | acc:0.9857
##### Evaluating on class 0 Epoch 11 | Loss: 9.130696707870811e-05 | acc: 0.8818549999369004 #####
##### Evaluating on class 1 Epoch 11 | Loss: 0.0001525178668089211 | acc: 0.8277322701022009 #####
##### Evaluating on all classes Epoch 11 | Loss: 0.00010227873281110078 | acc: 0.8721537559099259 #####
############# Starting Epoch 12 | LR: 0.0001 #############
Incremental_Train0-12 epoch | loss:0.00000657 | acc:0.9861
##### Evaluating on class 0 Epoch 12 | Loss: 9.097174188354984e-05 | acc: 0.8857386238197869 #####
##### Evaluating on class 1 Epoch 12 | Loss: 0.00015134022396523505 | acc: 0.8284511648681727 #####
##### Evaluating on all classes Epoch 12 | Loss: 0.00010179251694353297 | acc: 0.875470117026573 #####
############# Starting Epoch 13 | LR: 0.0001 #############
Incremental_Train0-13 epoch | loss:0.00000645 | acc:0.9866
##### Evaluating on class 0 Epoch 13 | Loss: 8.937546226661652e-05 | acc: 0.8848202450417516 #####
##### Evaluating on class 1 Epoch 13 | Loss: 0.00014463692787103355 | acc: 0.8346167657065154 #####
##### Evaluating on all classes Epoch 13 | Loss: 9.928083454724401e-05 | acc: 0.8758215081797752 #####
############# Starting Epoch 14 | LR: 0.0001 #############
Incremental_Train0-14 epoch | loss:0.00000634 | acc:0.9872
##### Evaluating on class 0 Epoch 14 | Loss: 9.021454025059938e-05 | acc: 0.8827750821339468 #####
##### Evaluating on class 1 Epoch 14 | Loss: 0.000146210499224253 | acc: 0.8277260873165415 #####
##### Evaluating on all classes Epoch 14 | Loss: 0.00010025156370829791 | acc: 0.8729078094779967 #####
############# Starting Epoch 15 | LR: 0.0001 #############
Incremental_Train0-15 epoch | loss:0.00000704 | acc:0.9873
##### Evaluating on class 0 Epoch 15 | Loss: 9.223762026522309e-05 | acc: 0.8846029388930999 #####
##### Evaluating on class 1 Epoch 15 | Loss: 0.00014784940867684782 | acc: 0.8247914338805895 #####
##### Evaluating on all classes Epoch 15 | Loss: 0.00010220576223218814 | acc: 0.8738820087493478 #####
############# Starting Epoch 16 | LR: 0.0001 #############
Incremental_Train0-16 epoch | loss:0.00000614 | acc:0.9877
##### Evaluating on class 0 Epoch 16 | Loss: 9.261027298634872e-05 | acc: 0.8802103411843527 #####
##### Evaluating on class 1 Epoch 16 | Loss: 0.0001427197566954419 | acc: 0.8372703118853517 #####
##### Evaluating on all classes Epoch 16 | Loss: 0.00010159213707083836 | acc: 0.8725135434798148 #####
############# Starting Epoch 17 | LR: 0.0001 #############
Incremental_Train0-17 epoch | loss:0.00000627 | acc:0.9878
##### Evaluating on class 0 Epoch 17 | Loss: 9.071970271179453e-05 | acc: 0.8822518329041547 #####
##### Evaluating on class 1 Epoch 17 | Loss: 0.00013860006583854556 | acc: 0.8415945621711753 #####
##### Evaluating on all classes Epoch 17 | Loss: 9.930204396368936e-05 | acc: 0.8749642089048472 #####
############# Starting Epoch 18 | LR: 0.0001 #############
Incremental_Train0-18 epoch | loss:0.00000563 | acc:0.9883
##### Evaluating on class 0 Epoch 18 | Loss: 8.921368134906515e-05 | acc: 0.8809729382758368 #####
##### Evaluating on class 1 Epoch 18 | Loss: 0.00013585944543592632 | acc: 0.8405012801277262 #####
##### Evaluating on all classes Epoch 18 | Loss: 9.757470979820937e-05 | acc: 0.873718584456836 #####
############# Starting Epoch 19 | LR: 0.0001 #############
Incremental_Train0-19 epoch | loss:0.00000548 | acc:0.9883
##### Evaluating on class 0 Epoch 19 | Loss: 9.154583676718175e-05 | acc: 0.8813439108301505 #####
##### Evaluating on class 1 Epoch 19 | Loss: 0.00013803371984977275 | acc: 0.837199983363442 #####
##### Evaluating on all classes Epoch 19 | Loss: 9.987858356907964e-05 | acc: 0.873431320057816 #####
############# Starting Epoch 20 | LR: 0.0001 #############
Incremental_Train0-20 epoch | loss:0.00000555 | acc:0.9889
##### Evaluating on class 0 Epoch 20 | Loss: 9.032498201122507e-05 | acc: 0.8843002449511183 #####
##### Evaluating on class 1 Epoch 20 | Loss: 0.0001371601247228682 | acc: 0.8370429216748314 #####
##### Evaluating on all classes Epoch 20 | Loss: 9.871996007859707e-05 | acc: 0.8758295926657463 #####
############# Starting Epoch 21 | LR: 0.0001 #############
Incremental_Train0-21 epoch | loss:0.00000524 | acc:0.9894
##### Evaluating on class 0 Epoch 21 | Loss: 8.857919601723552e-05 | acc: 0.8831963831478125 #####
##### Evaluating on class 1 Epoch 21 | Loss: 0.0001355373824480921 | acc: 0.8406376857749439 #####
##### Evaluating on all classes Epoch 21 | Loss: 9.699624206405133e-05 | acc: 0.8755679373922982 #####
############# Starting Epoch 22 | LR: 0.0001 #############
Incremental_Train0-22 epoch | loss:0.00000429 | acc:0.9894
##### Evaluating on class 0 Epoch 22 | Loss: 8.708820678293705e-05 | acc: 0.8829527606007852 #####
##### Evaluating on class 1 Epoch 22 | Loss: 0.00013360282173380256 | acc: 0.8397034687184118 #####
##### Evaluating on all classes Epoch 22 | Loss: 9.542573388898745e-05 | acc: 0.8752005290369638 #####
############# Starting Epoch 23 | LR: 0.0001 #############
Incremental_Train0-23 epoch | loss:0.00000406 | acc:0.9894
##### Evaluating on class 0 Epoch 23 | Loss: 8.82140375324525e-05 | acc: 0.8818325616495154 #####
##### Evaluating on class 1 Epoch 23 | Loss: 0.0001324698532698676 | acc: 0.8438128193384401 #####
##### Evaluating on all classes Epoch 23 | Loss: 9.614667942514643e-05 | acc: 0.8750177021786623 #####
############# Starting Epoch 24 | LR: 0.0001 #############
Incremental_Train0-24 epoch | loss:0.00000563 | acc:0.9898
##### Evaluating on class 0 Epoch 24 | Loss: 9.049358050106093e-05 | acc: 0.8794104420073189 #####
##### Evaluating on class 1 Epoch 24 | Loss: 0.0001338227593805641 | acc: 0.8459559158604966 #####
##### Evaluating on all classes Epoch 24 | Loss: 9.826011955738068e-05 | acc: 0.8734138759998697 #####
############# Starting Epoch 25 | LR: 0.0001 #############
Incremental_Train0-25 epoch | loss:0.00000422 | acc:0.9902
##### Evaluating on class 0 Epoch 25 | Loss: 8.897596126189455e-05 | acc: 0.8810702142053622 #####
##### Evaluating on class 1 Epoch 25 | Loss: 0.00013130642764735967 | acc: 0.8387964054160653 #####
##### Evaluating on all classes Epoch 25 | Loss: 9.656351176090539e-05 | acc: 0.8734928333846391 #####
############# Starting Epoch 26 | LR: 0.0001 #############
Incremental_Train0-26 epoch | loss:0.00000371 | acc:0.9903
##### Evaluating on class 0 Epoch 26 | Loss: 8.69029900059104e-05 | acc: 0.882027596619313 #####
##### Evaluating on class 1 Epoch 26 | Loss: 0.0001286218612222001 | acc: 0.8467368583601846 #####
##### Evaluating on all classes Epoch 26 | Loss: 9.438090637559071e-05 | acc: 0.8757018982521105 #####
############# Starting Epoch 27 | LR: 0.0001 #############
Incremental_Train0-27 epoch | loss:0.00000359 | acc:0.9905
##### Evaluating on class 0 Epoch 27 | Loss: 8.645763591630384e-05 | acc: 0.8821741862091933 #####
##### Evaluating on class 1 Epoch 27 | Loss: 0.00012782076373696327 | acc: 0.8461206680617153 #####
##### Evaluating on all classes Epoch 27 | Loss: 9.387176396558061e-05 | acc: 0.8757117631450227 #####
############# Starting Epoch 28 | LR: 0.0001 #############
Incremental_Train0-28 epoch | loss:0.00000332 | acc:0.9905
##### Evaluating on class 0 Epoch 28 | Loss: 8.576475374866277e-05 | acc: 0.8839283856608151 #####
##### Evaluating on class 1 Epoch 28 | Loss: 0.0001268957566935569 | acc: 0.8448313807968125 #####
##### Evaluating on all classes Epoch 28 | Loss: 9.313729970017448e-05 | acc: 0.8769204319587768 #####
############# Starting Epoch 29 | LR: 0.0001 #############
Incremental_Train0-29 epoch | loss:0.00000318 | acc:0.9909
##### Evaluating on class 0 Epoch 29 | Loss: 8.529679325874895e-05 | acc: 0.8844702598309789 #####
##### Evaluating on class 1 Epoch 29 | Loss: 0.00012570965918712318 | acc: 0.84686987933868 #####
##### Evaluating on all classes Epoch 29 | Loss: 9.254061296815053e-05 | acc: 0.8777305689880199 #####
############# Starting Epoch 30 | LR: 0.0001 #############
Incremental_Train0-30 epoch | loss:0.00000301 | acc:0.9910
##### Evaluating on class 0 Epoch 30 | Loss: 8.506161975674331e-05 | acc: 0.8835360303669094 #####
##### Evaluating on class 1 Epoch 30 | Loss: 0.00012526226055342704 | acc: 0.8512025572235341 #####
##### Evaluating on all classes Epoch 30 | Loss: 9.226741531165317e-05 | acc: 0.8777404078223422 #####
############# Starting Epoch 31 | LR: 0.0001 #############
Incremental_Train0-31 epoch | loss:0.00000291 | acc:0.9911
##### Evaluating on class 0 Epoch 31 | Loss: 8.427590364590287e-05 | acc: 0.8866553973968768 #####
##### Evaluating on class 1 Epoch 31 | Loss: 0.00012366639566607773 | acc: 0.8475276127285635 #####
##### Evaluating on all classes Epoch 31 | Loss: 9.133646381087601e-05 | acc: 0.8796419265601038 #####
############# Starting Epoch 32 | LR: 0.0001 #############
Incremental_Train0-32 epoch | loss:0.00000278 | acc:0.9914
##### Evaluating on class 0 Epoch 32 | Loss: 8.426821295870468e-05 | acc: 0.8856151348366569 #####
##### Evaluating on class 1 Epoch 32 | Loss: 0.00012268360296729952 | acc: 0.8496825263327148 #####
##### Evaluating on all classes Epoch 32 | Loss: 9.115399734582752e-05 | acc: 0.8791743842557616 #####
############# Starting Epoch 33 | LR: 0.0001 #############
Incremental_Train0-33 epoch | loss:0.00000264 | acc:0.9916
##### Evaluating on class 0 Epoch 33 | Loss: 8.409212750848383e-05 | acc: 0.8869964836986204 #####
##### Evaluating on class 1 Epoch 33 | Loss: 0.00012072506797267124 | acc: 0.8501466971547199 #####
##### Evaluating on all classes Epoch 33 | Loss: 9.065840276889503e-05 | acc: 0.8803913332803739 #####
############# Starting Epoch 34 | LR: 0.0001 #############
Incremental_Train0-34 epoch | loss:0.00000253 | acc:0.9916
##### Evaluating on class 0 Epoch 34 | Loss: 8.441624231636524e-05 | acc: 0.8854112623468458 #####
##### Evaluating on class 1 Epoch 34 | Loss: 0.00012185124796815217 | acc: 0.8515302237841034 #####
##### Evaluating on all classes Epoch 34 | Loss: 9.112630505114794e-05 | acc: 0.8793382460006939 #####
############# Starting Epoch 35 | LR: 0.0001 #############
Incremental_Train0-35 epoch | loss:0.00000245 | acc:0.9918
##### Evaluating on class 0 Epoch 35 | Loss: 8.332667493959889e-05 | acc: 0.8856783144078205 #####
##### Evaluating on class 1 Epoch 35 | Loss: 0.0001212564020534046 | acc: 0.8545324244087291 #####
##### Evaluating on all classes Epoch 35 | Loss: 9.012541704578325e-05 | acc: 0.880095560540059 #####
############# Starting Epoch 36 | LR: 0.0001 #############
Incremental_Train0-36 epoch | loss:0.00000237 | acc:0.9919
##### Evaluating on class 0 Epoch 36 | Loss: 8.331572462338954e-05 | acc: 0.8860034851695135 #####
##### Evaluating on class 1 Epoch 36 | Loss: 0.00012137542216805741 | acc: 0.850195993185598 #####
##### Evaluating on all classes Epoch 36 | Loss: 9.013772796606645e-05 | acc: 0.879585161134661 #####
############# Starting Epoch 37 | LR: 0.0001 #############
Incremental_Train0-37 epoch | loss:0.00000230 | acc:0.9922
##### Evaluating on class 0 Epoch 37 | Loss: 8.300758054247126e-05 | acc: 0.88773704404711 #####
##### Evaluating on class 1 Epoch 37 | Loss: 0.00012059402070008218 | acc: 0.8549664307305999 #####
##### Evaluating on all classes Epoch 37 | Loss: 8.974476804723963e-05 | acc: 0.8818630661884904 #####
############# Starting Epoch 38 | LR: 0.0001 #############
Incremental_Train0-38 epoch | loss:0.00000224 | acc:0.9921
##### Evaluating on class 0 Epoch 38 | Loss: 8.298719330923632e-05 | acc: 0.8870848064686759 #####
##### Evaluating on class 1 Epoch 38 | Loss: 0.00011910242028534412 | acc: 0.8560213069580073 #####
##### Evaluating on all classes Epoch 38 | Loss: 8.946070011006668e-05 | acc: 0.8815168207073295 #####
############# Starting Epoch 39 | LR: 0.0001 #############
Incremental_Train0-39 epoch | loss:0.00000219 | acc:0.9923
##### Evaluating on class 0 Epoch 39 | Loss: 8.316191815538332e-05 | acc: 0.8847662039242089 #####
##### Evaluating on class 1 Epoch 39 | Loss: 0.00011891435860889032 | acc: 0.8553118169296317 #####
##### Evaluating on all classes Epoch 39 | Loss: 8.957037789514288e-05 | acc: 0.8794866439912186 #####
############# Starting Epoch 40 | LR: 1e-05 #############
Incremental_Train0-40 epoch | loss:0.00000202 | acc:0.9925
##### Evaluating on class 0 Epoch 40 | Loss: 8.258833986474201e-05 | acc: 0.8855089544063254 #####
##### Evaluating on class 1 Epoch 40 | Loss: 0.00011814353638328612 | acc: 0.8574547646858557 #####
##### Evaluating on all classes Epoch 40 | Loss: 8.896142389858142e-05 | acc: 0.8804803732300149 #####
############# Starting Epoch 41 | LR: 1e-05 #############
Incremental_Train0-41 epoch | loss:0.00000191 | acc:0.9925
##### Evaluating on class 0 Epoch 41 | Loss: 8.234342385549098e-05 | acc: 0.8852882281801135 #####
##### Evaluating on class 1 Epoch 41 | Loss: 0.00011762456415453926 | acc: 0.8574073632316067 #####
##### Evaluating on all classes Epoch 41 | Loss: 8.866740972734988e-05 | acc: 0.8802907146516077 #####
############# Starting Epoch 42 | LR: 1e-05 #############
Incremental_Train0-42 epoch | loss:0.00000186 | acc:0.9926
##### Evaluating on class 0 Epoch 42 | Loss: 8.230481034843251e-05 | acc: 0.8864138869576351 #####
##### Evaluating on class 1 Epoch 42 | Loss: 0.00011727687524398789 | acc: 0.8562585353299104 #####
##### Evaluating on all classes Epoch 42 | Loss: 8.857337525114417e-05 | acc: 0.8810086824205902 #####
############# Starting Epoch 43 | LR: 1e-05 #############
Incremental_Train0-43 epoch | loss:0.00000182 | acc:0.9928
##### Evaluating on class 0 Epoch 43 | Loss: 8.229010563809425e-05 | acc: 0.8864382930858971 #####
##### Evaluating on class 1 Epoch 43 | Loss: 0.00011716809967765585 | acc: 0.8589313840417321 #####
##### Evaluating on all classes Epoch 43 | Loss: 8.854181942297146e-05 | acc: 0.8815078093893015 #####
############# Starting Epoch 44 | LR: 1e-05 #############
Incremental_Train0-44 epoch | loss:0.00000179 | acc:0.9925
##### Evaluating on class 0 Epoch 44 | Loss: 8.215004345402122e-05 | acc: 0.8867051033585983 #####
##### Evaluating on class 1 Epoch 44 | Loss: 0.00011685740173561499 | acc: 0.858609814486416 #####
##### Evaluating on all classes Epoch 44 | Loss: 8.83711691130884e-05 | acc: 0.8816691553532073 #####
############# Starting Epoch 45 | LR: 1e-05 #############
Incremental_Train0-45 epoch | loss:0.00000177 | acc:0.9926
##### Evaluating on class 0 Epoch 45 | Loss: 8.209240331780165e-05 | acc: 0.8869133242731752 #####
##### Evaluating on class 1 Epoch 45 | Loss: 0.00011709173122653738 | acc: 0.860304311484592 #####
##### Evaluating on all classes Epoch 45 | Loss: 8.836585766403005e-05 | acc: 0.8821437842450329 #####
############# Starting Epoch 46 | LR: 1e-05 #############
Incremental_Train0-46 epoch | loss:0.00000175 | acc:0.9928
##### Evaluating on class 0 Epoch 46 | Loss: 8.207531936932355e-05 | acc: 0.8871845772183375 #####
##### Evaluating on class 1 Epoch 46 | Loss: 0.00011649325460894033 | acc: 0.8587265493167735 #####
##### Evaluating on all classes Epoch 46 | Loss: 8.8244560174644e-05 | acc: 0.8820836099529628 #####
############# Starting Epoch 47 | LR: 1e-05 #############
Incremental_Train0-47 epoch | loss:0.00000173 | acc:0.9926
##### Evaluating on class 0 Epoch 47 | Loss: 8.208312647184357e-05 | acc: 0.8868131061659051 #####
##### Evaluating on class 1 Epoch 47 | Loss: 0.00011682038166327402 | acc: 0.8607082959943861 #####
##### Evaluating on all classes Epoch 47 | Loss: 8.830960723571479e-05 | acc: 0.8821339420785574 #####
############# Starting Epoch 48 | LR: 1e-05 #############
Incremental_Train0-48 epoch | loss:0.00000172 | acc:0.9929
##### Evaluating on class 0 Epoch 48 | Loss: 8.210316445911303e-05 | acc: 0.8875364696775144 #####
##### Evaluating on class 1 Epoch 48 | Loss: 0.00011652732064248994 | acc: 0.8607208234313353 #####
##### Evaluating on all classes Epoch 48 | Loss: 8.827351120999083e-05 | acc: 0.8827298915767842 #####
############# Starting Epoch 49 | LR: 1e-05 #############
Incremental_Train0-49 epoch | loss:0.00000171 | acc:0.9928
##### Evaluating on class 0 Epoch 49 | Loss: 8.206392521969974e-05 | acc: 0.8867803744774737 #####
##### Evaluating on class 1 Epoch 49 | Loss: 0.00011644785263342783 | acc: 0.8604694112626949 #####
##### Evaluating on all classes Epoch 49 | Loss: 8.82270687725395e-05 | acc: 0.8820642584295416 #####
############# Starting Epoch 50 | LR: 1e-05 #############
Incremental_Train0-50 epoch | loss:0.00000170 | acc:0.9928
##### Evaluating on class 0 Epoch 50 | Loss: 8.203236211556941e-05 | acc: 0.8872214462708058 #####
##### Evaluating on class 1 Epoch 50 | Loss: 0.00011646344501059502 | acc: 0.8578065340642138 #####
##### Evaluating on all classes Epoch 50 | Loss: 8.820397488307208e-05 | acc: 0.8819489620073601 #####
############# Starting Epoch 51 | LR: 1e-05 #############
Incremental_Train0-51 epoch | loss:0.00000169 | acc:0.9927
##### Evaluating on class 0 Epoch 51 | Loss: 8.208187500713393e-05 | acc: 0.8867785268746935 #####
##### Evaluating on class 1 Epoch 51 | Loss: 0.00011612386151682585 | acc: 0.8586354240071086 #####
##### Evaluating on all classes Epoch 51 | Loss: 8.818374772090465e-05 | acc: 0.8817340084361639 #####
############# Starting Epoch 52 | LR: 1e-05 #############
Incremental_Train0-52 epoch | loss:0.00000168 | acc:0.9929
##### Evaluating on class 0 Epoch 52 | Loss: 8.216466812882572e-05 | acc: 0.8872697937846374 #####
##### Evaluating on class 1 Epoch 52 | Loss: 0.0001161799009423703 | acc: 0.8590728146785185 #####
##### Evaluating on all classes Epoch 52 | Loss: 8.826171688269824e-05 | acc: 0.8822156182844842 #####
############# Starting Epoch 53 | LR: 1e-05 #############
Incremental_Train0-53 epoch | loss:0.00000168 | acc:0.9926
##### Evaluating on class 0 Epoch 53 | Loss: 8.209287625504658e-05 | acc: 0.887005159405264 #####
##### Evaluating on class 1 Epoch 53 | Loss: 0.00011628114589257166 | acc: 0.8605021326439868 #####
##### Evaluating on all classes Epoch 53 | Loss: 8.822095696814358e-05 | acc: 0.8822546168725823 #####
############# Starting Epoch 54 | LR: 1e-05 #############
Incremental_Train0-54 epoch | loss:0.00000167 | acc:0.9930
##### Evaluating on class 0 Epoch 54 | Loss: 8.210118539864197e-05 | acc: 0.888090635161106 #####
##### Evaluating on class 1 Epoch 54 | Loss: 0.00011616285337368026 | acc: 0.8604467816735019 #####
##### Evaluating on all classes Epoch 54 | Loss: 8.820656512398273e-05 | acc: 0.8831356048189882 #####
############# Starting Epoch 55 | LR: 1e-05 #############
Incremental_Train0-55 epoch | loss:0.00000166 | acc:0.9929
##### Evaluating on class 0 Epoch 55 | Loss: 8.19664346636273e-05 | acc: 0.8857317949996156 #####
##### Evaluating on class 1 Epoch 55 | Loss: 0.00011584608000703156 | acc: 0.8620045517934648 #####
##### Evaluating on all classes Epoch 55 | Loss: 8.803919627098367e-05 | acc: 0.8814787985758715 #####
############# Starting Epoch 56 | LR: 1e-05 #############
Incremental_Train0-56 epoch | loss:0.00000166 | acc:0.9929
##### Evaluating on class 0 Epoch 56 | Loss: 8.2152291724924e-05 | acc: 0.8860529701302358 #####
##### Evaluating on class 1 Epoch 56 | Loss: 0.00011639588774414733 | acc: 0.8621568289968254 #####
##### Evaluating on all classes Epoch 56 | Loss: 8.829029684420675e-05 | acc: 0.881769699549719 #####
############# Starting Epoch 57 | LR: 1e-05 #############
Incremental_Train0-57 epoch | loss:0.00000165 | acc:0.9929
##### Evaluating on class 0 Epoch 57 | Loss: 8.211645035771653e-05 | acc: 0.8858476172390024 #####
##### Evaluating on class 1 Epoch 57 | Loss: 0.00011589340283535421 | acc: 0.8614099507208085 #####
##### Evaluating on all classes Epoch 57 | Loss: 8.817081834422424e-05 | acc: 0.8814672807876283 #####
############# Starting Epoch 58 | LR: 1e-05 #############
Incremental_Train0-58 epoch | loss:0.00000165 | acc:0.9931
##### Evaluating on class 0 Epoch 58 | Loss: 8.201541641028598e-05 | acc: 0.8871256203669569 #####
##### Evaluating on class 1 Epoch 58 | Loss: 0.00011576095130294561 | acc: 0.8595191188650341 #####
##### Evaluating on all classes Epoch 58 | Loss: 8.806413825368509e-05 | acc: 0.8821772851920839 #####
############# Starting Epoch 59 | LR: 1e-05 #############
Incremental_Train0-59 epoch | loss:0.00000165 | acc:0.9928
##### Evaluating on class 0 Epoch 59 | Loss: 8.193849498638883e-05 | acc: 0.8857985055773344 #####
##### Evaluating on class 1 Epoch 59 | Loss: 0.00011583816376514733 | acc: 0.8608460182045905 #####
##### Evaluating on all classes Epoch 59 | Loss: 8.801487274467945e-05 | acc: 0.8813258899161824 #####
############# Starting Epoch 60 | LR: 1.0000000000000002e-06 #############
Incremental_Train0-60 epoch | loss:0.00000164 | acc:0.9929
##### Evaluating on class 0 Epoch 60 | Loss: 8.207265636883676e-05 | acc: 0.8862946042765666 #####
##### Evaluating on class 1 Epoch 60 | Loss: 0.00011608481872826815 | acc: 0.8606373989944234 #####
##### Evaluating on all classes Epoch 60 | Loss: 8.816918125376105e-05 | acc: 0.8816956712542957 #####
############# Starting Epoch 61 | LR: 1.0000000000000002e-06 #############
Incremental_Train0-61 epoch | loss:0.00000164 | acc:0.9929
##### Evaluating on class 0 Epoch 61 | Loss: 8.201339369406924e-05 | acc: 0.8867431735895863 #####
##### Evaluating on class 1 Epoch 61 | Loss: 0.00011586628534132615 | acc: 0.8629125945085555 #####
##### Evaluating on all classes Epoch 61 | Loss: 8.808135316940024e-05 | acc: 0.8824716546977035 #####
############# Starting Epoch 62 | LR: 1.0000000000000002e-06 #############
Incremental_Train0-62 epoch | loss:0.00000164 | acc:0.9928
##### Evaluating on class 0 Epoch 62 | Loss: 8.207942300941795e-05 | acc: 0.888073836692609 #####
##### Evaluating on class 1 Epoch 62 | Loss: 0.00011591975635383278 | acc: 0.8616871030490445 #####
##### Evaluating on all classes Epoch 62 | Loss: 8.814513421384618e-05 | acc: 0.8833441391527248 #####
############# Starting Epoch 63 | LR: 1.0000000000000002e-06 #############
Incremental_Train0-63 epoch | loss:0.00000164 | acc:0.9930
##### Evaluating on class 0 Epoch 63 | Loss: 8.208398503484204e-05 | acc: 0.8862842925702743 #####
##### Evaluating on class 1 Epoch 63 | Loss: 0.00011589861969696358 | acc: 0.8611494428501203 #####
##### Evaluating on all classes Epoch 63 | Loss: 8.81450978340581e-05 | acc: 0.8817789893185487 #####
############# Starting Epoch 64 | LR: 1.0000000000000002e-06 #############
Incremental_Train0-64 epoch | loss:0.00000164 | acc:0.9929
##### Evaluating on class 0 Epoch 64 | Loss: 8.208651706809178e-05 | acc: 0.8879625455579584 #####
##### Evaluating on class 1 Epoch 64 | Loss: 0.00011571512004593387 | acc: 0.8600566673765401 #####
##### Evaluating on all classes Epoch 64 | Loss: 8.811428415356204e-05 | acc: 0.8829605485254399 #####
############# Starting Epoch 65 | LR: 1.0000000000000002e-06 #############
Incremental_Train0-65 epoch | loss:0.00000164 | acc:0.9929
##### Evaluating on class 0 Epoch 65 | Loss: 8.219863229896873e-05 | acc: 0.8871476161015884 #####
##### Evaluating on class 1 Epoch 65 | Loss: 0.00011610856745392084 | acc: 0.8605196344667152 #####
##### Evaluating on all classes Epoch 65 | Loss: 8.82768290466629e-05 | acc: 0.8823746759972245 #####
############# Starting Epoch 66 | LR: 1.0000000000000002e-06 #############
Incremental_Train0-66 epoch | loss:0.00000164 | acc:0.9930
##### Evaluating on class 0 Epoch 66 | Loss: 8.205088670365512e-05 | acc: 0.8857749035286319 #####
##### Evaluating on class 1 Epoch 66 | Loss: 0.00011566558532649651 | acc: 0.8613305839231756 #####
##### Evaluating on all classes Epoch 66 | Loss: 8.807616541162133e-05 | acc: 0.8813933745427484 #####
############# Starting Epoch 67 | LR: 1.0000000000000002e-06 #############
Incremental_Train0-67 epoch | loss:0.00000164 | acc:0.9930
##### Evaluating on class 0 Epoch 67 | Loss: 8.209092629840598e-05 | acc: 0.8870705765535728 #####
##### Evaluating on class 1 Epoch 67 | Loss: 0.00011572705261642113 | acc: 0.860091125977289 #####
##### Evaluating on all classes Epoch 67 | Loss: 8.812003216007724e-05 | acc: 0.8822346372993335 #####
############# Starting Epoch 68 | LR: 1.0000000000000002e-06 #############
Incremental_Train0-68 epoch | loss:0.00000164 | acc:0.9929
##### Evaluating on class 0 Epoch 68 | Loss: 8.214489207603037e-05 | acc: 0.8869357254831783 #####
##### Evaluating on class 1 Epoch 68 | Loss: 0.00011575960525078699 | acc: 0.8608073773901348 #####
##### Evaluating on all classes Epoch 68 | Loss: 8.817017078399658e-05 | acc: 0.8822523423344251 #####
############# Starting Epoch 69 | LR: 1.0000000000000002e-06 #############
Incremental_Train0-69 epoch | loss:0.00000164 | acc:0.9930
##### Evaluating on class 0 Epoch 69 | Loss: 8.203051402233541e-05 | acc: 0.8878637061305586 #####
##### Evaluating on class 1 Epoch 69 | Loss: 0.0001156589642050676 | acc: 0.8607773531841862 #####
##### Evaluating on all classes Epoch 69 | Loss: 8.805825927993283e-05 | acc: 0.8830086051307372 #####
############# Starting Epoch 70 | LR: 1.0000000000000002e-06 #############
Incremental_Train0-70 epoch | loss:0.00000164 | acc:0.9928
##### Evaluating on class 0 Epoch 70 | Loss: 8.208439248846844e-05 | acc: 0.886342455085047 #####
##### Evaluating on class 1 Epoch 70 | Loss: 0.00011602471931837499 | acc: 0.860842478572568 #####
##### Evaluating on all classes Epoch 70 | Loss: 8.816803892841563e-05 | acc: 0.8817717045780933 #####
############# Starting Epoch 71 | LR: 1.0000000000000002e-06 #############
Incremental_Train0-71 epoch | loss:0.00000163 | acc:0.9929
##### Evaluating on class 0 Epoch 71 | Loss: 8.205413178075105e-05 | acc: 0.8860632791462881 #####
##### Evaluating on class 1 Epoch 71 | Loss: 0.00011571891081985086 | acc: 0.8627059715214735 #####
##### Evaluating on all classes Epoch 71 | Loss: 8.808837446849793e-05 | acc: 0.8818765919305194 #####
############# Starting Epoch 72 | LR: 1.0000000000000002e-06 #############
